2020-01-07 10:05:36.766 DEBUG 16292 --- [restartedMain] o.s.web.context.ContextLoader            : Published root WebApplicationContext as ServletContext attribute with name [org.springframework.web.context.WebApplicationContext.ROOT]
2020-01-07 10:05:36.773  INFO 16292 --- [restartedMain] o.s.web.context.ContextLoader            : Root WebApplicationContext: initialization completed in 5274 ms
2020-01-07 10:05:42.930  WARN 16292 --- [restartedMain] JpaBaseConfiguration$JpaWebConfiguration : spring.jpa.open-in-view is enabled by default. Therefore, database queries may be performed during view rendering. Explicitly configure spring.jpa.open-in-view to disable this warning
2020-01-07 10:05:44.513 DEBUG 16292 --- [restartedMain] s.w.s.m.m.a.RequestMappingHandlerMapping : 19 mappings in 'requestMappingHandlerMapping'
2020-01-07 10:05:45.345 DEBUG 16292 --- [restartedMain] s.w.s.m.m.a.RequestMappingHandlerAdapter : ControllerAdvice beans: 0 @ModelAttribute, 0 @InitBinder, 1 RequestBodyAdvice, 1 ResponseBodyAdvice
2020-01-07 10:05:45.433 DEBUG 16292 --- [restartedMain] o.s.w.s.handler.SimpleUrlHandlerMapping  : Patterns [/webjars/**, /**] in 'resourceHandlerMapping'
2020-01-07 10:05:45.445 DEBUG 16292 --- [restartedMain] .m.m.a.ExceptionHandlerExceptionResolver : ControllerAdvice beans: 0 @ExceptionHandler, 1 ResponseBodyAdvice
2020-01-07 10:05:52.060  INFO 16292 --- [http-nio-8080-exec-1] o.s.web.servlet.DispatcherServlet        : Initializing Servlet 'dispatcherServlet'
2020-01-07 10:05:52.063 DEBUG 16292 --- [http-nio-8080-exec-1] o.s.web.servlet.DispatcherServlet        : Detected StandardServletMultipartResolver
2020-01-07 10:05:52.072 DEBUG 16292 --- [http-nio-8080-exec-1] o.s.web.servlet.DispatcherServlet        : enableLoggingRequestDetails='false': request parameters and headers will be masked to prevent unsafe logging of potentially sensitive data
2020-01-07 10:05:52.073  INFO 16292 --- [http-nio-8080-exec-1] o.s.web.servlet.DispatcherServlet        : Completed initialization in 10 ms
2020-01-07 10:05:52.153 DEBUG 16292 --- [http-nio-8080-exec-1] o.s.web.servlet.DispatcherServlet        : GET "/", parameters={}
2020-01-07 10:05:52.179 DEBUG 16292 --- [http-nio-8080-exec-1] s.w.s.m.m.a.RequestMappingHandlerMapping : Mapped to com.firstdemo.first_demo.Controller.PostController#home(int, String)
2020-01-07 10:05:52.700 DEBUG 16292 --- [http-nio-8080-exec-1] o.s.w.s.v.ContentNegotiatingViewResolver : Selected 'text/html' given [text/html, application/xhtml+xml, image/webp, image/apng, application/xml;q=0.9, application/signed-exchange;v=b3;q=0.9, */*;q=0.8]
2020-01-07 10:05:52.701 DEBUG 16292 --- [http-nio-8080-exec-1] o.s.web.servlet.view.JstlView            : View name 'list-blog.jsp', model {totalPost=5, listPost=[com.firstdemo.first_demo.Model.Post@1480cd35, com.firstdemo.first_demo.Model.Post@46236f50, com.firstdemo.first_demo.Model.Post@29008129]}
2020-01-07 10:05:52.707 DEBUG 16292 --- [http-nio-8080-exec-1] o.s.web.servlet.view.JstlView            : Forwarding to [list-blog.jsp]
2020-01-07 10:05:54.098 DEBUG 16292 --- [http-nio-8080-exec-1] o.s.web.servlet.DispatcherServlet        : Completed 200 OK
2020-01-07 10:05:54.099 DEBUG 16292 --- [http-nio-8080-exec-2] o.s.web.servlet.DispatcherServlet        : GET "/", parameters={}
2020-01-07 10:05:54.100 DEBUG 16292 --- [http-nio-8080-exec-2] s.w.s.m.m.a.RequestMappingHandlerMapping : Mapped to com.firstdemo.first_demo.Controller.PostController#home(int, String)
2020-01-07 10:05:54.111 DEBUG 16292 --- [http-nio-8080-exec-2] o.s.w.s.v.ContentNegotiatingViewResolver : Selected 'text/html' given [text/html, application/xhtml+xml, image/webp, image/apng, application/xml;q=0.9, application/signed-exchange;v=b3;q=0.9, */*;q=0.8]
2020-01-07 10:05:54.112 DEBUG 16292 --- [http-nio-8080-exec-2] o.s.web.servlet.view.JstlView            : View name 'list-blog.jsp', model {totalPost=5, listPost=[com.firstdemo.first_demo.Model.Post@2284f9cc, com.firstdemo.first_demo.Model.Post@3f6652e4, com.firstdemo.first_demo.Model.Post@13ec38b4]}
2020-01-07 10:05:54.113 DEBUG 16292 --- [http-nio-8080-exec-2] o.s.web.servlet.view.JstlView            : Forwarding to [list-blog.jsp]
2020-01-07 10:05:54.130 DEBUG 16292 --- [http-nio-8080-exec-2] o.s.web.servlet.DispatcherServlet        : Completed 200 OK
2020-01-07 10:05:55.040 DEBUG 16292 --- [http-nio-8080-exec-3] o.s.web.servlet.DispatcherServlet        : GET "/favicon.ico", parameters={}
2020-01-07 10:05:55.045 DEBUG 16292 --- [http-nio-8080-exec-3] o.s.w.s.handler.SimpleUrlHandlerMapping  : Mapped to ResourceHttpRequestHandler ["classpath:/META-INF/resources/", "classpath:/resources/", "classpath:/static/", "classpath:/public/", "/"]
2020-01-07 10:05:55.076 DEBUG 16292 --- [http-nio-8080-exec-3] o.s.w.s.r.ResourceHttpRequestHandler     : Resource not found
2020-01-07 10:05:55.076 DEBUG 16292 --- [http-nio-8080-exec-3] o.s.web.servlet.DispatcherServlet        : Completed 404 NOT_FOUND
2020-01-07 10:05:55.077 DEBUG 16292 --- [http-nio-8080-exec-3] o.s.web.servlet.DispatcherServlet        : "ERROR" dispatch for GET "/error", parameters={}
2020-01-07 10:05:55.078 DEBUG 16292 --- [http-nio-8080-exec-3] s.w.s.m.m.a.RequestMappingHandlerMapping : Mapped to com.firstdemo.first_demo.Controller.Controllerr#handleError(HttpServletResponse)
2020-01-07 10:05:55.083 DEBUG 16292 --- [http-nio-8080-exec-3] o.s.w.s.v.ContentNegotiatingViewResolver : Selected '*/*;q=0.8' given [image/webp, image/apng, image/*, */*;q=0.8]
2020-01-07 10:05:55.083 DEBUG 16292 --- [http-nio-8080-exec-3] o.s.web.servlet.view.JstlView            : View name '404.jsp', model {}
2020-01-07 10:05:55.083 DEBUG 16292 --- [http-nio-8080-exec-3] o.s.web.servlet.view.JstlView            : Forwarding to [404.jsp]
2020-01-07 10:05:55.310 DEBUG 16292 --- [http-nio-8080-exec-3] o.s.web.servlet.DispatcherServlet        : Exiting from "ERROR" dispatch, status 404
2020-01-07 10:05:57.998 DEBUG 16292 --- [http-nio-8080-exec-4] o.s.web.servlet.DispatcherServlet        : GET "/register", parameters={}
2020-01-07 10:05:58.001 DEBUG 16292 --- [http-nio-8080-exec-4] s.w.s.m.m.a.RequestMappingHandlerMapping : Mapped to com.firstdemo.first_demo.Controller.PostController#newregis()
2020-01-07 10:05:58.096 DEBUG 16292 --- [http-nio-8080-exec-4] o.s.w.s.v.ContentNegotiatingViewResolver : Selected 'text/html' given [text/html, application/xhtml+xml, image/webp, image/apng, application/xml;q=0.9, application/signed-exchange;v=b3;q=0.9, */*;q=0.8]
2020-01-07 10:05:58.097 DEBUG 16292 --- [http-nio-8080-exec-4] o.s.web.servlet.view.JstlView            : View name 'registration.jsp', model {user=com.firstdemo.first_demo.Model.User@3f3d1e79, org.springframework.validation.BindingResult.user=org.springframework.validation.BeanPropertyBindingResult: 0 errors}
2020-01-07 10:05:58.098 DEBUG 16292 --- [http-nio-8080-exec-4] o.s.web.servlet.view.JstlView            : Forwarding to [registration.jsp]
2020-01-07 10:05:58.348 DEBUG 16292 --- [http-nio-8080-exec-4] o.s.web.servlet.DispatcherServlet        : Completed 200 OK
2020-01-07 10:06:00.148 DEBUG 16292 --- [http-nio-8080-exec-5] o.s.web.servlet.DispatcherServlet        : POST "/register", parameters={masked}
2020-01-07 10:06:00.149 DEBUG 16292 --- [http-nio-8080-exec-5] s.w.s.m.m.a.RequestMappingHandlerMapping : Mapped to com.firstdemo.first_demo.Controller.PostController#newregits(User)
2020-01-07 10:06:00.415 DEBUG 16292 --- [http-nio-8080-exec-5] o.s.w.s.v.ContentNegotiatingViewResolver : Selected 'text/html' given [text/html, application/xhtml+xml, image/webp, image/apng, application/xml;q=0.9, application/signed-exchange;v=b3;q=0.9, */*;q=0.8]
2020-01-07 10:06:00.415 DEBUG 16292 --- [http-nio-8080-exec-5] o.s.web.servlet.view.JstlView            : View name 'registered.jsp', model {user=com.firstdemo.first_demo.Model.User@50b33753, org.springframework.validation.BindingResult.user=org.springframework.validation.BeanPropertyBindingResult: 0 errors}
2020-01-07 10:06:00.415 DEBUG 16292 --- [http-nio-8080-exec-5] o.s.web.servlet.view.JstlView            : Forwarding to [registered.jsp]
2020-01-07 10:06:00.585 DEBUG 16292 --- [http-nio-8080-exec-5] o.s.web.servlet.DispatcherServlet        : Completed 200 OK
2020-01-07 10:06:06.460 DEBUG 16292 --- [http-nio-8080-exec-6] o.s.web.servlet.DispatcherServlet        : GET "/register", parameters={}
2020-01-07 10:06:06.462 DEBUG 16292 --- [http-nio-8080-exec-6] s.w.s.m.m.a.RequestMappingHandlerMapping : Mapped to com.firstdemo.first_demo.Controller.PostController#newregis()
2020-01-07 10:06:06.464 DEBUG 16292 --- [http-nio-8080-exec-6] o.s.w.s.v.ContentNegotiatingViewResolver : Selected 'text/html' given [text/html, application/xhtml+xml, image/webp, image/apng, application/xml;q=0.9, application/signed-exchange;v=b3;q=0.9, */*;q=0.8]
2020-01-07 10:06:06.465 DEBUG 16292 --- [http-nio-8080-exec-6] o.s.web.servlet.view.JstlView            : View name 'registration.jsp', model {user=com.firstdemo.first_demo.Model.User@13a530a2, org.springframework.validation.BindingResult.user=org.springframework.validation.BeanPropertyBindingResult: 0 errors}
2020-01-07 10:06:06.465 DEBUG 16292 --- [http-nio-8080-exec-6] o.s.web.servlet.view.JstlView            : Forwarding to [registration.jsp]
2020-01-07 10:06:06.485 DEBUG 16292 --- [http-nio-8080-exec-6] o.s.web.servlet.DispatcherServlet        : Completed 200 OK
2020-01-07 10:12:44.136 DEBUG 2264 --- [restartedMain] o.s.web.context.ContextLoader            : Published root WebApplicationContext as ServletContext attribute with name [org.springframework.web.context.WebApplicationContext.ROOT]
2020-01-07 10:12:44.140  INFO 2264 --- [restartedMain] o.s.web.context.ContextLoader            : Root WebApplicationContext: initialization completed in 3370 ms
2020-01-07 10:12:47.616  WARN 2264 --- [restartedMain] JpaBaseConfiguration$JpaWebConfiguration : spring.jpa.open-in-view is enabled by default. Therefore, database queries may be performed during view rendering. Explicitly configure spring.jpa.open-in-view to disable this warning
2020-01-07 10:12:48.461 DEBUG 2264 --- [restartedMain] s.w.s.m.m.a.RequestMappingHandlerMapping : 19 mappings in 'requestMappingHandlerMapping'
2020-01-07 10:12:48.890 DEBUG 2264 --- [restartedMain] s.w.s.m.m.a.RequestMappingHandlerAdapter : ControllerAdvice beans: 0 @ModelAttribute, 0 @InitBinder, 1 RequestBodyAdvice, 1 ResponseBodyAdvice
2020-01-07 10:12:48.959 DEBUG 2264 --- [restartedMain] o.s.w.s.handler.SimpleUrlHandlerMapping  : Patterns [/webjars/**, /**] in 'resourceHandlerMapping'
2020-01-07 10:12:48.968 DEBUG 2264 --- [restartedMain] .m.m.a.ExceptionHandlerExceptionResolver : ControllerAdvice beans: 0 @ExceptionHandler, 1 ResponseBodyAdvice
2020-01-07 10:12:56.648  INFO 2264 --- [http-nio-8080-exec-1] o.s.web.servlet.DispatcherServlet        : Initializing Servlet 'dispatcherServlet'
2020-01-07 10:12:56.649 DEBUG 2264 --- [http-nio-8080-exec-1] o.s.web.servlet.DispatcherServlet        : Detected StandardServletMultipartResolver
2020-01-07 10:12:56.658 DEBUG 2264 --- [http-nio-8080-exec-1] o.s.web.servlet.DispatcherServlet        : enableLoggingRequestDetails='false': request parameters and headers will be masked to prevent unsafe logging of potentially sensitive data
2020-01-07 10:12:56.659  INFO 2264 --- [http-nio-8080-exec-1] o.s.web.servlet.DispatcherServlet        : Completed initialization in 10 ms
2020-01-07 10:12:56.697 DEBUG 2264 --- [http-nio-8080-exec-1] o.s.web.servlet.DispatcherServlet        : GET "/", parameters={}
2020-01-07 10:12:56.703 DEBUG 2264 --- [http-nio-8080-exec-1] s.w.s.m.m.a.RequestMappingHandlerMapping : Mapped to com.firstdemo.first_demo.Controller.PostController#home(int, String)
2020-01-07 10:12:56.929 DEBUG 2264 --- [http-nio-8080-exec-1] o.s.w.s.v.ContentNegotiatingViewResolver : Selected 'text/html' given [text/html, application/xhtml+xml, image/webp, image/apng, application/xml;q=0.9, application/signed-exchange;v=b3;q=0.9, */*;q=0.8]
2020-01-07 10:12:56.930 DEBUG 2264 --- [http-nio-8080-exec-1] o.s.web.servlet.view.JstlView            : View name 'list-blog.jsp', model {totalPost=5, listPost=[com.firstdemo.first_demo.Model.Post@43b54dee, com.firstdemo.first_demo.Model.Post@117fba80, com.firstdemo.first_demo.Model.Post@13de736f]}
2020-01-07 10:12:56.938 DEBUG 2264 --- [http-nio-8080-exec-1] o.s.web.servlet.view.JstlView            : Forwarding to [list-blog.jsp]
2020-01-07 10:12:58.011 DEBUG 2264 --- [http-nio-8080-exec-1] o.s.web.servlet.DispatcherServlet        : Completed 200 OK
2020-01-07 10:12:58.015 DEBUG 2264 --- [http-nio-8080-exec-2] o.s.web.servlet.DispatcherServlet        : GET "/", parameters={}
2020-01-07 10:12:58.016 DEBUG 2264 --- [http-nio-8080-exec-2] s.w.s.m.m.a.RequestMappingHandlerMapping : Mapped to com.firstdemo.first_demo.Controller.PostController#home(int, String)
2020-01-07 10:12:58.027 DEBUG 2264 --- [http-nio-8080-exec-2] o.s.w.s.v.ContentNegotiatingViewResolver : Selected 'text/html' given [text/html, application/xhtml+xml, image/webp, image/apng, application/xml;q=0.9, application/signed-exchange;v=b3;q=0.9, */*;q=0.8]
2020-01-07 10:12:58.027 DEBUG 2264 --- [http-nio-8080-exec-2] o.s.web.servlet.view.JstlView            : View name 'list-blog.jsp', model {totalPost=5, listPost=[com.firstdemo.first_demo.Model.Post@36279751, com.firstdemo.first_demo.Model.Post@2409d9c0, com.firstdemo.first_demo.Model.Post@75be1e6]}
2020-01-07 10:12:58.028 DEBUG 2264 --- [http-nio-8080-exec-2] o.s.web.servlet.view.JstlView            : Forwarding to [list-blog.jsp]
2020-01-07 10:12:58.044 DEBUG 2264 --- [http-nio-8080-exec-2] o.s.web.servlet.DispatcherServlet        : Completed 200 OK
2020-01-07 10:13:01.624 DEBUG 2264 --- [http-nio-8080-exec-3] o.s.web.servlet.DispatcherServlet        : GET "/register", parameters={}
2020-01-07 10:13:01.626 DEBUG 2264 --- [http-nio-8080-exec-3] s.w.s.m.m.a.RequestMappingHandlerMapping : Mapped to com.firstdemo.first_demo.Controller.PostController#newregis()
2020-01-07 10:13:01.635 DEBUG 2264 --- [http-nio-8080-exec-3] o.s.w.s.v.ContentNegotiatingViewResolver : Selected 'text/html' given [text/html, application/xhtml+xml, image/webp, image/apng, application/xml;q=0.9, application/signed-exchange;v=b3;q=0.9, */*;q=0.8]
2020-01-07 10:13:01.635 DEBUG 2264 --- [http-nio-8080-exec-3] o.s.web.servlet.view.JstlView            : View name 'registration.jsp', model {user=com.firstdemo.first_demo.Model.User@1f73eb3b, org.springframework.validation.BindingResult.user=org.springframework.validation.BeanPropertyBindingResult: 0 errors}
2020-01-07 10:13:01.636 DEBUG 2264 --- [http-nio-8080-exec-3] o.s.web.servlet.view.JstlView            : Forwarding to [registration.jsp]
2020-01-07 10:13:01.926 DEBUG 2264 --- [http-nio-8080-exec-3] o.s.web.servlet.DispatcherServlet        : Completed 200 OK
2020-01-07 10:13:04.374 DEBUG 2264 --- [http-nio-8080-exec-4] o.s.web.servlet.DispatcherServlet        : POST "/register", parameters={masked}
2020-01-07 10:13:04.375 DEBUG 2264 --- [http-nio-8080-exec-4] s.w.s.m.m.a.RequestMappingHandlerMapping : Mapped to com.firstdemo.first_demo.Controller.PostController#newregits(User)
2020-01-07 10:13:04.549 DEBUG 2264 --- [http-nio-8080-exec-4] o.s.w.s.v.ContentNegotiatingViewResolver : Selected 'text/html' given [text/html, application/xhtml+xml, image/webp, image/apng, application/xml;q=0.9, application/signed-exchange;v=b3;q=0.9, */*;q=0.8]
2020-01-07 10:13:04.550 DEBUG 2264 --- [http-nio-8080-exec-4] o.s.web.servlet.view.JstlView            : View name 'registered.jsp', model {user=com.firstdemo.first_demo.Model.User@3b3da6e1, org.springframework.validation.BindingResult.user=org.springframework.validation.BeanPropertyBindingResult: 0 errors}
2020-01-07 10:13:04.550 DEBUG 2264 --- [http-nio-8080-exec-4] o.s.web.servlet.view.JstlView            : Forwarding to [registered.jsp]
2020-01-07 10:13:04.739 DEBUG 2264 --- [http-nio-8080-exec-4] o.s.web.servlet.DispatcherServlet        : Completed 200 OK
2020-01-07 10:13:06.970 DEBUG 2264 --- [http-nio-8080-exec-5] o.s.web.servlet.DispatcherServlet        : GET "/register", parameters={}
2020-01-07 10:13:06.971 DEBUG 2264 --- [http-nio-8080-exec-5] s.w.s.m.m.a.RequestMappingHandlerMapping : Mapped to com.firstdemo.first_demo.Controller.PostController#newregis()
2020-01-07 10:13:06.973 DEBUG 2264 --- [http-nio-8080-exec-5] o.s.w.s.v.ContentNegotiatingViewResolver : Selected 'text/html' given [text/html, application/xhtml+xml, image/webp, image/apng, application/xml;q=0.9, application/signed-exchange;v=b3;q=0.9, */*;q=0.8]
2020-01-07 10:13:06.973 DEBUG 2264 --- [http-nio-8080-exec-5] o.s.web.servlet.view.JstlView            : View name 'registration.jsp', model {user=com.firstdemo.first_demo.Model.User@590652f3, org.springframework.validation.BindingResult.user=org.springframework.validation.BeanPropertyBindingResult: 0 errors}
2020-01-07 10:13:06.973 DEBUG 2264 --- [http-nio-8080-exec-5] o.s.web.servlet.view.JstlView            : Forwarding to [registration.jsp]
2020-01-07 10:13:06.989 DEBUG 2264 --- [http-nio-8080-exec-5] o.s.web.servlet.DispatcherServlet        : Completed 200 OK
2020-01-07 10:13:58.542 DEBUG 2264 --- [http-nio-8080-exec-6] o.s.web.servlet.DispatcherServlet        : GET "/", parameters={}
2020-01-07 10:13:58.543 DEBUG 2264 --- [http-nio-8080-exec-6] s.w.s.m.m.a.RequestMappingHandlerMapping : Mapped to com.firstdemo.first_demo.Controller.PostController#home(int, String)
2020-01-07 10:13:58.563 DEBUG 2264 --- [http-nio-8080-exec-6] o.s.w.s.v.ContentNegotiatingViewResolver : Selected 'text/html' given [text/html, application/xhtml+xml, image/webp, image/apng, application/xml;q=0.9, application/signed-exchange;v=b3;q=0.9, */*;q=0.8]
2020-01-07 10:13:58.564 DEBUG 2264 --- [http-nio-8080-exec-6] o.s.web.servlet.view.JstlView            : View name 'list-blog.jsp', model {totalPost=5, listPost=[com.firstdemo.first_demo.Model.Post@2c26ec8b, com.firstdemo.first_demo.Model.Post@6f81c730, com.firstdemo.first_demo.Model.Post@7dde08c0]}
2020-01-07 10:13:58.565 DEBUG 2264 --- [http-nio-8080-exec-6] o.s.web.servlet.view.JstlView            : Forwarding to [list-blog.jsp]
2020-01-07 10:13:58.593 DEBUG 2264 --- [http-nio-8080-exec-6] o.s.web.servlet.DispatcherServlet        : Completed 200 OK
2020-01-07 10:14:03.076 DEBUG 2264 --- [http-nio-8080-exec-8] o.s.web.servlet.DispatcherServlet        : GET "/filter?keyword=Sci-fic", parameters={masked}
2020-01-07 10:14:03.078 DEBUG 2264 --- [http-nio-8080-exec-8] s.w.s.m.m.a.RequestMappingHandlerMapping : Mapped to com.firstdemo.first_demo.Controller.PostController#searchCat(String)
2020-01-07 10:14:03.148 DEBUG 2264 --- [http-nio-8080-exec-8] o.s.w.s.v.ContentNegotiatingViewResolver : Selected 'text/html' given [text/html, application/xhtml+xml, image/webp, image/apng, application/xml;q=0.9, application/signed-exchange;v=b3;q=0.9, */*;q=0.8]
2020-01-07 10:14:03.148 DEBUG 2264 --- [http-nio-8080-exec-8] o.s.web.servlet.view.JstlView            : View name 'filtered.jsp', model {totalPost=4, allPost=[com.firstdemo.first_demo.Model.Post@51023e1d, com.firstdemo.first_demo.Model.Post@1661af7, com.firstdemo.first_demo.Model.Post@14c81bd4, com.firstdemo.first_demo.Model.Post@4ea91bb8]}
2020-01-07 10:14:03.148 DEBUG 2264 --- [http-nio-8080-exec-8] o.s.web.servlet.view.JstlView            : Forwarding to [filtered.jsp]
2020-01-07 10:14:03.527 DEBUG 2264 --- [http-nio-8080-exec-8] o.s.web.servlet.DispatcherServlet        : Completed 200 OK
2020-01-07 10:14:03.758 DEBUG 2264 --- [http-nio-8080-exec-9] o.s.web.servlet.DispatcherServlet        : GET "/filter?keyword=Sci-fic", parameters={masked}
2020-01-07 10:14:03.759 DEBUG 2264 --- [http-nio-8080-exec-9] s.w.s.m.m.a.RequestMappingHandlerMapping : Mapped to com.firstdemo.first_demo.Controller.PostController#searchCat(String)
2020-01-07 10:14:03.767 DEBUG 2264 --- [http-nio-8080-exec-9] o.s.w.s.v.ContentNegotiatingViewResolver : Selected 'text/html' given [text/html, application/xhtml+xml, image/webp, image/apng, application/xml;q=0.9, application/signed-exchange;v=b3;q=0.9, */*;q=0.8]
2020-01-07 10:14:03.768 DEBUG 2264 --- [http-nio-8080-exec-9] o.s.web.servlet.view.JstlView            : View name 'filtered.jsp', model {totalPost=4, allPost=[com.firstdemo.first_demo.Model.Post@3320c912, com.firstdemo.first_demo.Model.Post@76958607, com.firstdemo.first_demo.Model.Post@f59b93b, com.firstdemo.first_demo.Model.Post@1d79306a]}
2020-01-07 10:14:03.769 DEBUG 2264 --- [http-nio-8080-exec-9] o.s.web.servlet.view.JstlView            : Forwarding to [filtered.jsp]
2020-01-07 10:14:03.780 DEBUG 2264 --- [http-nio-8080-exec-9] o.s.web.servlet.DispatcherServlet        : Completed 200 OK
2020-01-07 10:14:25.770 DEBUG 2264 --- [http-nio-8080-exec-1] o.s.web.servlet.DispatcherServlet        : GET "/", parameters={}
2020-01-07 10:14:25.772 DEBUG 2264 --- [http-nio-8080-exec-1] s.w.s.m.m.a.RequestMappingHandlerMapping : Mapped to com.firstdemo.first_demo.Controller.PostController#home(int, String)
2020-01-07 10:14:25.791 DEBUG 2264 --- [http-nio-8080-exec-1] o.s.w.s.v.ContentNegotiatingViewResolver : Selected 'text/html' given [text/html, application/xhtml+xml, image/webp, image/apng, application/xml;q=0.9, application/signed-exchange;v=b3;q=0.9, */*;q=0.8]
2020-01-07 10:14:25.792 DEBUG 2264 --- [http-nio-8080-exec-1] o.s.web.servlet.view.JstlView            : View name 'list-blog.jsp', model {totalPost=5, listPost=[com.firstdemo.first_demo.Model.Post@4b9acce6, com.firstdemo.first_demo.Model.Post@925a496, com.firstdemo.first_demo.Model.Post@3e059b9]}
2020-01-07 10:14:25.792 DEBUG 2264 --- [http-nio-8080-exec-1] o.s.web.servlet.view.JstlView            : Forwarding to [list-blog.jsp]
2020-01-07 10:14:25.816 DEBUG 2264 --- [http-nio-8080-exec-1] o.s.web.servlet.DispatcherServlet        : Completed 200 OK
2020-01-07 10:17:49.371 DEBUG 17424 --- [restartedMain] o.s.web.context.ContextLoader            : Published root WebApplicationContext as ServletContext attribute with name [org.springframework.web.context.WebApplicationContext.ROOT]
2020-01-07 10:17:49.374  INFO 17424 --- [restartedMain] o.s.web.context.ContextLoader            : Root WebApplicationContext: initialization completed in 3232 ms
2020-01-07 10:17:52.700  WARN 17424 --- [restartedMain] JpaBaseConfiguration$JpaWebConfiguration : spring.jpa.open-in-view is enabled by default. Therefore, database queries may be performed during view rendering. Explicitly configure spring.jpa.open-in-view to disable this warning
2020-01-07 10:17:53.543 DEBUG 17424 --- [restartedMain] s.w.s.m.m.a.RequestMappingHandlerMapping : 19 mappings in 'requestMappingHandlerMapping'
2020-01-07 10:17:53.939 DEBUG 17424 --- [restartedMain] s.w.s.m.m.a.RequestMappingHandlerAdapter : ControllerAdvice beans: 0 @ModelAttribute, 0 @InitBinder, 1 RequestBodyAdvice, 1 ResponseBodyAdvice
2020-01-07 10:17:53.989 DEBUG 17424 --- [restartedMain] o.s.w.s.handler.SimpleUrlHandlerMapping  : Patterns [/webjars/**, /**] in 'resourceHandlerMapping'
2020-01-07 10:17:53.997 DEBUG 17424 --- [restartedMain] .m.m.a.ExceptionHandlerExceptionResolver : ControllerAdvice beans: 0 @ExceptionHandler, 1 ResponseBodyAdvice
2020-01-07 10:18:00.630  INFO 17424 --- [http-nio-8080-exec-1] o.s.web.servlet.DispatcherServlet        : Initializing Servlet 'dispatcherServlet'
2020-01-07 10:18:00.632 DEBUG 17424 --- [http-nio-8080-exec-1] o.s.web.servlet.DispatcherServlet        : Detected StandardServletMultipartResolver
2020-01-07 10:18:00.641 DEBUG 17424 --- [http-nio-8080-exec-1] o.s.web.servlet.DispatcherServlet        : enableLoggingRequestDetails='false': request parameters and headers will be masked to prevent unsafe logging of potentially sensitive data
2020-01-07 10:18:00.641  INFO 17424 --- [http-nio-8080-exec-1] o.s.web.servlet.DispatcherServlet        : Completed initialization in 10 ms
2020-01-07 10:18:00.672 DEBUG 17424 --- [http-nio-8080-exec-1] o.s.web.servlet.DispatcherServlet        : GET "/register", parameters={}
2020-01-07 10:18:00.678 DEBUG 17424 --- [http-nio-8080-exec-1] s.w.s.m.m.a.RequestMappingHandlerMapping : Mapped to com.firstdemo.first_demo.Controller.PostController#newregis()
2020-01-07 10:18:00.734 DEBUG 17424 --- [http-nio-8080-exec-1] o.s.w.s.v.ContentNegotiatingViewResolver : Selected 'text/html' given [text/html, application/xhtml+xml, image/webp, image/apng, application/xml;q=0.9, application/signed-exchange;v=b3;q=0.9, */*;q=0.8]
2020-01-07 10:18:00.735 DEBUG 17424 --- [http-nio-8080-exec-1] o.s.web.servlet.view.JstlView            : View name 'registration.jsp', model {user=com.firstdemo.first_demo.Model.User@483b5538, org.springframework.validation.BindingResult.user=org.springframework.validation.BeanPropertyBindingResult: 0 errors}
2020-01-07 10:18:00.744 DEBUG 17424 --- [http-nio-8080-exec-1] o.s.web.servlet.view.JstlView            : Forwarding to [registration.jsp]
2020-01-07 10:18:01.651 DEBUG 17424 --- [http-nio-8080-exec-1] o.s.web.servlet.DispatcherServlet        : Completed 200 OK
2020-01-07 10:19:21.004  WARN 17424 --- [restartedMain] org.apache.tomcat.util.modeler.Registry  : The MBean registry cannot be disabled because it has already been initialised
2020-01-07 10:19:21.311 DEBUG 17424 --- [restartedMain] o.s.web.context.ContextLoader            : Published root WebApplicationContext as ServletContext attribute with name [org.springframework.web.context.WebApplicationContext.ROOT]
2020-01-07 10:19:21.311  INFO 17424 --- [restartedMain] o.s.web.context.ContextLoader            : Root WebApplicationContext: initialization completed in 731 ms
2020-01-07 10:19:22.249  WARN 17424 --- [restartedMain] JpaBaseConfiguration$JpaWebConfiguration : spring.jpa.open-in-view is enabled by default. Therefore, database queries may be performed during view rendering. Explicitly configure spring.jpa.open-in-view to disable this warning
2020-01-07 10:19:22.330 DEBUG 17424 --- [restartedMain] s.w.s.m.m.a.RequestMappingHandlerAdapter : ControllerAdvice beans: 0 @ModelAttribute, 0 @InitBinder, 1 RequestBodyAdvice, 1 ResponseBodyAdvice
2020-01-07 10:19:22.342 DEBUG 17424 --- [restartedMain] s.w.s.m.m.a.RequestMappingHandlerMapping : 2 mappings in 'requestMappingHandlerMapping'
2020-01-07 10:19:22.364 DEBUG 17424 --- [restartedMain] o.s.w.s.handler.SimpleUrlHandlerMapping  : Patterns [/webjars/**, /**] in 'resourceHandlerMapping'
2020-01-07 10:19:22.371 DEBUG 17424 --- [restartedMain] .m.m.a.ExceptionHandlerExceptionResolver : ControllerAdvice beans: 0 @ExceptionHandler, 1 ResponseBodyAdvice
2020-01-07 10:19:37.451  WARN 17424 --- [restartedMain] org.apache.tomcat.util.modeler.Registry  : The MBean registry cannot be disabled because it has already been initialised
2020-01-07 10:19:37.917 DEBUG 17424 --- [restartedMain] o.s.web.context.ContextLoader            : Published root WebApplicationContext as ServletContext attribute with name [org.springframework.web.context.WebApplicationContext.ROOT]
2020-01-07 10:19:37.917  INFO 17424 --- [restartedMain] o.s.web.context.ContextLoader            : Root WebApplicationContext: initialization completed in 1797 ms
2020-01-07 10:19:40.450  WARN 17424 --- [restartedMain] JpaBaseConfiguration$JpaWebConfiguration : spring.jpa.open-in-view is enabled by default. Therefore, database queries may be performed during view rendering. Explicitly configure spring.jpa.open-in-view to disable this warning
2020-01-07 10:19:40.817 DEBUG 17424 --- [restartedMain] s.w.s.m.m.a.RequestMappingHandlerMapping : 19 mappings in 'requestMappingHandlerMapping'
2020-01-07 10:19:41.017 DEBUG 17424 --- [restartedMain] s.w.s.m.m.a.RequestMappingHandlerAdapter : ControllerAdvice beans: 0 @ModelAttribute, 0 @InitBinder, 1 RequestBodyAdvice, 1 ResponseBodyAdvice
2020-01-07 10:19:41.045 DEBUG 17424 --- [restartedMain] o.s.w.s.handler.SimpleUrlHandlerMapping  : Patterns [/webjars/**, /**] in 'resourceHandlerMapping'
2020-01-07 10:19:41.057 DEBUG 17424 --- [restartedMain] .m.m.a.ExceptionHandlerExceptionResolver : ControllerAdvice beans: 0 @ExceptionHandler, 1 ResponseBodyAdvice
2020-01-07 10:19:49.886 DEBUG 3108 --- [main] o.s.w.c.s.GenericWebApplicationContext   : Refreshing org.springframework.web.context.support.GenericWebApplicationContext@226f885f
2020-01-07 10:20:00.562  WARN 3108 --- [main] JpaBaseConfiguration$JpaWebConfiguration : spring.jpa.open-in-view is enabled by default. Therefore, database queries may be performed during view rendering. Explicitly configure spring.jpa.open-in-view to disable this warning
2020-01-07 10:20:02.941 DEBUG 3108 --- [main] s.w.s.m.m.a.RequestMappingHandlerMapping : 19 mappings in 'requestMappingHandlerMapping'
2020-01-07 10:20:05.158 DEBUG 3108 --- [main] s.w.s.m.m.a.RequestMappingHandlerAdapter : ControllerAdvice beans: 0 @ModelAttribute, 0 @InitBinder, 1 RequestBodyAdvice, 1 ResponseBodyAdvice
2020-01-07 10:20:05.304 DEBUG 3108 --- [main] o.s.w.s.handler.SimpleUrlHandlerMapping  : Patterns [/webjars/**, /**] in 'resourceHandlerMapping'
2020-01-07 10:20:05.331 DEBUG 3108 --- [main] .m.m.a.ExceptionHandlerExceptionResolver : ControllerAdvice beans: 0 @ExceptionHandler, 1 ResponseBodyAdvice
2020-01-07 10:20:07.063 DEBUG 3108 --- [SpringContextShutdownHook] o.s.w.c.s.GenericWebApplicationContext   : Closing org.springframework.web.context.support.GenericWebApplicationContext@226f885f, started on Tue Jan 07 10:19:49 IST 2020
2020-01-07 10:25:11.483  INFO 17424 --- [http-nio-8080-exec-1] o.s.web.servlet.DispatcherServlet        : Initializing Servlet 'dispatcherServlet'
2020-01-07 10:25:11.486 DEBUG 17424 --- [http-nio-8080-exec-1] o.s.web.servlet.DispatcherServlet        : Detected StandardServletMultipartResolver
2020-01-07 10:25:11.495 DEBUG 17424 --- [http-nio-8080-exec-1] o.s.web.servlet.DispatcherServlet        : enableLoggingRequestDetails='false': request parameters and headers will be masked to prevent unsafe logging of potentially sensitive data
2020-01-07 10:25:11.495  INFO 17424 --- [http-nio-8080-exec-1] o.s.web.servlet.DispatcherServlet        : Completed initialization in 9 ms
2020-01-07 10:30:03.235 DEBUG 3520 --- [main] o.s.w.c.s.GenericWebApplicationContext   : Refreshing org.springframework.web.context.support.GenericWebApplicationContext@226f885f
2020-01-07 10:30:11.294  WARN 3520 --- [main] JpaBaseConfiguration$JpaWebConfiguration : spring.jpa.open-in-view is enabled by default. Therefore, database queries may be performed during view rendering. Explicitly configure spring.jpa.open-in-view to disable this warning
2020-01-07 10:30:13.129 DEBUG 3520 --- [main] s.w.s.m.m.a.RequestMappingHandlerMapping : 19 mappings in 'requestMappingHandlerMapping'
2020-01-07 10:30:14.756 DEBUG 3520 --- [main] s.w.s.m.m.a.RequestMappingHandlerAdapter : ControllerAdvice beans: 0 @ModelAttribute, 0 @InitBinder, 1 RequestBodyAdvice, 1 ResponseBodyAdvice
2020-01-07 10:30:14.910 DEBUG 3520 --- [main] o.s.w.s.handler.SimpleUrlHandlerMapping  : Patterns [/webjars/**, /**] in 'resourceHandlerMapping'
2020-01-07 10:30:14.935 DEBUG 3520 --- [main] .m.m.a.ExceptionHandlerExceptionResolver : ControllerAdvice beans: 0 @ExceptionHandler, 1 ResponseBodyAdvice
2020-01-07 10:30:16.478 DEBUG 3520 --- [SpringContextShutdownHook] o.s.w.c.s.GenericWebApplicationContext   : Closing org.springframework.web.context.support.GenericWebApplicationContext@226f885f, started on Tue Jan 07 10:30:03 IST 2020
2020-01-07 11:18:33.629 DEBUG 11028 --- [restartedMain] o.s.web.context.ContextLoader            : Published root WebApplicationContext as ServletContext attribute with name [org.springframework.web.context.WebApplicationContext.ROOT]
2020-01-07 11:18:33.633  INFO 11028 --- [restartedMain] o.s.web.context.ContextLoader            : Root WebApplicationContext: initialization completed in 4277 ms
2020-01-07 11:18:39.208  WARN 11028 --- [restartedMain] JpaBaseConfiguration$JpaWebConfiguration : spring.jpa.open-in-view is enabled by default. Therefore, database queries may be performed during view rendering. Explicitly configure spring.jpa.open-in-view to disable this warning
2020-01-07 11:18:39.316 DEBUG 11028 --- [restartedMain] s.w.s.m.m.a.RequestMappingHandlerMapping : 11 mappings in 'requestMappingHandlerMapping'
2020-01-07 11:18:39.658 DEBUG 11028 --- [restartedMain] s.w.s.m.m.a.RequestMappingHandlerAdapter : ControllerAdvice beans: 0 @ModelAttribute, 0 @InitBinder, 1 RequestBodyAdvice, 1 ResponseBodyAdvice
2020-01-07 11:18:39.733 DEBUG 11028 --- [restartedMain] o.s.w.s.handler.SimpleUrlHandlerMapping  : Patterns [/webjars/**, /**] in 'resourceHandlerMapping'
2020-01-07 11:18:39.745 DEBUG 11028 --- [restartedMain] .m.m.a.ExceptionHandlerExceptionResolver : ControllerAdvice beans: 0 @ExceptionHandler, 1 ResponseBodyAdvice
2020-01-07 11:18:47.029  INFO 11028 --- [http-nio-8080-exec-1] o.s.web.servlet.DispatcherServlet        : Initializing Servlet 'dispatcherServlet'
2020-01-07 11:18:47.030 DEBUG 11028 --- [http-nio-8080-exec-1] o.s.web.servlet.DispatcherServlet        : Detected StandardServletMultipartResolver
2020-01-07 11:18:47.039 DEBUG 11028 --- [http-nio-8080-exec-1] o.s.web.servlet.DispatcherServlet        : enableLoggingRequestDetails='false': request parameters and headers will be masked to prevent unsafe logging of potentially sensitive data
2020-01-07 11:18:47.039  INFO 11028 --- [http-nio-8080-exec-1] o.s.web.servlet.DispatcherServlet        : Completed initialization in 9 ms
2020-01-07 11:18:47.051 DEBUG 11028 --- [http-nio-8080-exec-1] o.s.web.servlet.DispatcherServlet        : GET "/", parameters={}
2020-01-07 11:18:47.057 DEBUG 11028 --- [http-nio-8080-exec-1] s.w.s.m.m.a.RequestMappingHandlerMapping : Mapped to com.firstdemo.first_demo.Controller.BlogRestController#home(int, String)
2020-01-07 11:18:47.221 DEBUG 11028 --- [http-nio-8080-exec-1] o.s.w.s.m.m.a.HttpEntityMethodProcessor  : Using 'application/json;q=0.8', given [text/html, application/xhtml+xml, image/webp, image/apng, application/xml;q=0.9, application/signed-exchange;v=b3;q=0.9, */*;q=0.8] and supported [application/json, application/*+json, application/json, application/*+json]
2020-01-07 11:18:47.222 DEBUG 11028 --- [http-nio-8080-exec-1] o.s.w.s.m.m.a.HttpEntityMethodProcessor  : Writing [[com.firstdemo.first_demo.Model.Post@4c93d2d0, com.firstdemo.first_demo.Model.Post@634151cd, com.fir (truncated)...]
2020-01-07 11:18:47.277 DEBUG 11028 --- [http-nio-8080-exec-1] o.s.web.servlet.DispatcherServlet        : Completed 200 OK
2020-01-07 11:18:51.335 DEBUG 11028 --- [http-nio-8080-exec-2] o.s.web.servlet.DispatcherServlet        : GET "/swagger-ui.html", parameters={}
2020-01-07 11:18:51.344 DEBUG 11028 --- [http-nio-8080-exec-2] o.s.w.s.handler.SimpleUrlHandlerMapping  : Mapped to ResourceHttpRequestHandler ["classpath:/META-INF/resources/", "classpath:/resources/", "classpath:/static/", "classpath:/public/", "/"]
2020-01-07 11:18:51.360 DEBUG 11028 --- [http-nio-8080-exec-2] o.s.web.servlet.DispatcherServlet        : Completed 200 OK
2020-01-07 11:18:51.589 DEBUG 11028 --- [http-nio-8080-exec-3] o.s.web.servlet.DispatcherServlet        : GET "/webjars/springfox-swagger-ui/springfox.css?v=2.9.2", parameters={masked}
2020-01-07 11:18:51.590 DEBUG 11028 --- [http-nio-8080-exec-4] o.s.web.servlet.DispatcherServlet        : GET "/webjars/springfox-swagger-ui/swagger-ui.css?v=2.9.2", parameters={masked}
2020-01-07 11:18:51.592 DEBUG 11028 --- [http-nio-8080-exec-4] o.s.w.s.handler.SimpleUrlHandlerMapping  : Mapped to ResourceHttpRequestHandler ["classpath:/META-INF/resources/webjars/"]
2020-01-07 11:18:51.592 DEBUG 11028 --- [http-nio-8080-exec-3] o.s.w.s.handler.SimpleUrlHandlerMapping  : Mapped to ResourceHttpRequestHandler ["classpath:/META-INF/resources/webjars/"]
2020-01-07 11:18:51.592 DEBUG 11028 --- [http-nio-8080-exec-5] o.s.web.servlet.DispatcherServlet        : GET "/webjars/springfox-swagger-ui/swagger-ui-bundle.js?v=2.9.2", parameters={masked}
2020-01-07 11:18:51.593 DEBUG 11028 --- [http-nio-8080-exec-5] o.s.w.s.handler.SimpleUrlHandlerMapping  : Mapped to ResourceHttpRequestHandler ["classpath:/META-INF/resources/webjars/"]
2020-01-07 11:18:51.598 DEBUG 11028 --- [http-nio-8080-exec-3] o.s.web.servlet.DispatcherServlet        : Completed 200 OK
2020-01-07 11:18:51.608 DEBUG 11028 --- [http-nio-8080-exec-4] o.s.web.servlet.DispatcherServlet        : Completed 200 OK
2020-01-07 11:18:51.632 DEBUG 11028 --- [http-nio-8080-exec-6] o.s.web.servlet.DispatcherServlet        : GET "/webjars/springfox-swagger-ui/swagger-ui-standalone-preset.js?v=2.9.2", parameters={masked}
2020-01-07 11:18:51.633 DEBUG 11028 --- [http-nio-8080-exec-6] o.s.w.s.handler.SimpleUrlHandlerMapping  : Mapped to ResourceHttpRequestHandler ["classpath:/META-INF/resources/webjars/"]
2020-01-07 11:18:51.639 DEBUG 11028 --- [http-nio-8080-exec-7] o.s.web.servlet.DispatcherServlet        : GET "/webjars/springfox-swagger-ui/springfox.js?v=2.9.2", parameters={masked}
2020-01-07 11:18:51.639 DEBUG 11028 --- [http-nio-8080-exec-7] o.s.w.s.handler.SimpleUrlHandlerMapping  : Mapped to ResourceHttpRequestHandler ["classpath:/META-INF/resources/webjars/"]
2020-01-07 11:18:51.650 DEBUG 11028 --- [http-nio-8080-exec-7] o.s.web.servlet.DispatcherServlet        : Completed 200 OK
2020-01-07 11:18:51.651 DEBUG 11028 --- [http-nio-8080-exec-6] o.s.web.servlet.DispatcherServlet        : Completed 200 OK
2020-01-07 11:18:51.660 DEBUG 11028 --- [http-nio-8080-exec-5] o.s.web.servlet.DispatcherServlet        : Completed 200 OK
2020-01-07 11:18:52.389 DEBUG 11028 --- [http-nio-8080-exec-8] o.s.web.servlet.DispatcherServlet        : GET "/swagger-ui.html", parameters={}
2020-01-07 11:18:52.392 DEBUG 11028 --- [http-nio-8080-exec-8] o.s.w.s.handler.SimpleUrlHandlerMapping  : Mapped to ResourceHttpRequestHandler ["classpath:/META-INF/resources/", "classpath:/resources/", "classpath:/static/", "classpath:/public/", "/"]
2020-01-07 11:18:52.399 DEBUG 11028 --- [http-nio-8080-exec-8] o.s.web.servlet.DispatcherServlet        : Completed 200 OK
2020-01-07 11:18:52.459 DEBUG 11028 --- [http-nio-8080-exec-9] o.s.web.servlet.DispatcherServlet        : GET "/webjars/springfox-swagger-ui/springfox.css?v=2.9.2", parameters={masked}
2020-01-07 11:18:52.460 DEBUG 11028 --- [http-nio-8080-exec-10] o.s.web.servlet.DispatcherServlet        : GET "/webjars/springfox-swagger-ui/swagger-ui.css?v=2.9.2", parameters={masked}
2020-01-07 11:18:52.463 DEBUG 11028 --- [http-nio-8080-exec-1] o.s.web.servlet.DispatcherServlet        : GET "/webjars/springfox-swagger-ui/swagger-ui-bundle.js?v=2.9.2", parameters={masked}
2020-01-07 11:18:52.467 DEBUG 11028 --- [http-nio-8080-exec-3] o.s.web.servlet.DispatcherServlet        : GET "/webjars/springfox-swagger-ui/springfox.js?v=2.9.2", parameters={masked}
2020-01-07 11:18:52.465 DEBUG 11028 --- [http-nio-8080-exec-2] o.s.web.servlet.DispatcherServlet        : GET "/webjars/springfox-swagger-ui/swagger-ui-standalone-preset.js?v=2.9.2", parameters={masked}
2020-01-07 11:18:52.469 DEBUG 11028 --- [http-nio-8080-exec-3] o.s.w.s.handler.SimpleUrlHandlerMapping  : Mapped to ResourceHttpRequestHandler ["classpath:/META-INF/resources/webjars/"]
2020-01-07 11:18:52.470 DEBUG 11028 --- [http-nio-8080-exec-2] o.s.w.s.handler.SimpleUrlHandlerMapping  : Mapped to ResourceHttpRequestHandler ["classpath:/META-INF/resources/webjars/"]
2020-01-07 11:18:52.461 DEBUG 11028 --- [http-nio-8080-exec-10] o.s.w.s.handler.SimpleUrlHandlerMapping  : Mapped to ResourceHttpRequestHandler ["classpath:/META-INF/resources/webjars/"]
2020-01-07 11:18:52.469 DEBUG 11028 --- [http-nio-8080-exec-1] o.s.w.s.handler.SimpleUrlHandlerMapping  : Mapped to ResourceHttpRequestHandler ["classpath:/META-INF/resources/webjars/"]
2020-01-07 11:18:52.477 DEBUG 11028 --- [http-nio-8080-exec-3] o.s.web.servlet.DispatcherServlet        : Completed 200 OK
2020-01-07 11:18:52.486 DEBUG 11028 --- [http-nio-8080-exec-10] o.s.web.servlet.DispatcherServlet        : Completed 200 OK
2020-01-07 11:18:52.488 DEBUG 11028 --- [http-nio-8080-exec-2] o.s.web.servlet.DispatcherServlet        : Completed 200 OK
2020-01-07 11:18:52.460 DEBUG 11028 --- [http-nio-8080-exec-9] o.s.w.s.handler.SimpleUrlHandlerMapping  : Mapped to ResourceHttpRequestHandler ["classpath:/META-INF/resources/webjars/"]
2020-01-07 11:18:52.497 DEBUG 11028 --- [http-nio-8080-exec-9] o.s.web.servlet.DispatcherServlet        : Completed 200 OK
2020-01-07 11:18:52.519 DEBUG 11028 --- [http-nio-8080-exec-1] o.s.web.servlet.DispatcherServlet        : Completed 200 OK
2020-01-07 11:18:53.278 DEBUG 11028 --- [http-nio-8080-exec-4] o.s.web.servlet.DispatcherServlet        : GET "/swagger-resources/configuration/ui", parameters={}
2020-01-07 11:18:53.279 DEBUG 11028 --- [http-nio-8080-exec-4] s.w.s.m.m.a.RequestMappingHandlerMapping : Mapped to springfox.documentation.swagger.web.ApiResourceController#uiConfiguration()
2020-01-07 11:18:53.305 DEBUG 11028 --- [http-nio-8080-exec-4] o.s.w.s.m.m.a.HttpEntityMethodProcessor  : Using 'application/json', given [application/json] and supported [application/json, application/*+json, application/json, application/*+json]
2020-01-07 11:18:53.305 DEBUG 11028 --- [http-nio-8080-exec-4] o.s.w.s.m.m.a.HttpEntityMethodProcessor  : Writing [springfox.documentation.swagger.web.UiConfiguration@3ea5ae27]
2020-01-07 11:18:53.307 DEBUG 11028 --- [http-nio-8080-exec-4] o.s.web.servlet.DispatcherServlet        : Completed 200 OK
2020-01-07 11:18:53.314 DEBUG 11028 --- [http-nio-8080-exec-6] o.s.web.servlet.DispatcherServlet        : GET "/swagger-resources/configuration/security", parameters={}
2020-01-07 11:18:53.314 DEBUG 11028 --- [http-nio-8080-exec-6] s.w.s.m.m.a.RequestMappingHandlerMapping : Mapped to springfox.documentation.swagger.web.ApiResourceController#securityConfiguration()
2020-01-07 11:18:53.323 DEBUG 11028 --- [http-nio-8080-exec-6] o.s.w.s.m.m.a.HttpEntityMethodProcessor  : Using 'application/json', given [application/json] and supported [application/json, application/*+json, application/json, application/*+json]
2020-01-07 11:18:53.323 DEBUG 11028 --- [http-nio-8080-exec-6] o.s.w.s.m.m.a.HttpEntityMethodProcessor  : Writing [springfox.documentation.swagger.web.SecurityConfiguration@5211edb4]
2020-01-07 11:18:53.325 DEBUG 11028 --- [http-nio-8080-exec-6] o.s.web.servlet.DispatcherServlet        : Completed 200 OK
2020-01-07 11:18:53.330 DEBUG 11028 --- [http-nio-8080-exec-7] o.s.web.servlet.DispatcherServlet        : GET "/swagger-resources", parameters={}
2020-01-07 11:18:53.331 DEBUG 11028 --- [http-nio-8080-exec-7] s.w.s.m.m.a.RequestMappingHandlerMapping : Mapped to springfox.documentation.swagger.web.ApiResourceController#swaggerResources()
2020-01-07 11:18:53.332 DEBUG 11028 --- [http-nio-8080-exec-7] o.s.w.s.m.m.a.HttpEntityMethodProcessor  : Using 'application/json', given [application/json] and supported [application/json, application/*+json, application/json, application/*+json]
2020-01-07 11:18:53.332 DEBUG 11028 --- [http-nio-8080-exec-7] o.s.w.s.m.m.a.HttpEntityMethodProcessor  : Writing [[springfox.documentation.swagger.web.SwaggerResource@71ab72f]]
2020-01-07 11:18:53.334 DEBUG 11028 --- [http-nio-8080-exec-7] o.s.web.servlet.DispatcherServlet        : Completed 200 OK
2020-01-07 11:18:53.378 DEBUG 11028 --- [http-nio-8080-exec-5] o.s.web.servlet.DispatcherServlet        : GET "/v2/api-docs", parameters={}
2020-01-07 11:18:53.518 DEBUG 11028 --- [http-nio-8080-exec-5] o.s.w.s.m.m.a.HttpEntityMethodProcessor  : Using 'application/json', given [application/json, */*] and supported [application/json, application/*+json, application/json, application/*+json]
2020-01-07 11:18:53.519 DEBUG 11028 --- [http-nio-8080-exec-5] o.s.w.s.m.m.a.HttpEntityMethodProcessor  : Writing [springfox.documentation.spring.web.json.Json@665d7cdc]
2020-01-07 11:18:53.520 DEBUG 11028 --- [http-nio-8080-exec-5] o.s.web.servlet.DispatcherServlet        : Completed 200 OK
2020-01-07 11:18:53.598 DEBUG 11028 --- [http-nio-8080-exec-8] o.s.web.servlet.DispatcherServlet        : GET "/webjars/springfox-swagger-ui/fonts/titillium-web-v6-latin-700.woff2", parameters={}
2020-01-07 11:18:53.601 DEBUG 11028 --- [http-nio-8080-exec-8] o.s.w.s.handler.SimpleUrlHandlerMapping  : Mapped to ResourceHttpRequestHandler ["classpath:/META-INF/resources/webjars/"]
2020-01-07 11:18:53.612 DEBUG 11028 --- [http-nio-8080-exec-8] o.s.web.servlet.DispatcherServlet        : Completed 200 OK
2020-01-07 11:18:53.619 DEBUG 11028 --- [http-nio-8080-exec-3] o.s.web.servlet.DispatcherServlet        : GET "/webjars/springfox-swagger-ui/fonts/open-sans-v15-latin-regular.woff2", parameters={}
2020-01-07 11:18:53.621 DEBUG 11028 --- [http-nio-8080-exec-3] o.s.w.s.handler.SimpleUrlHandlerMapping  : Mapped to ResourceHttpRequestHandler ["classpath:/META-INF/resources/webjars/"]
2020-01-07 11:18:53.628 DEBUG 11028 --- [http-nio-8080-exec-3] o.s.web.servlet.DispatcherServlet        : Completed 200 OK
2020-01-07 11:18:53.809 DEBUG 11028 --- [http-nio-8080-exec-10] o.s.web.servlet.DispatcherServlet        : GET "/webjars/springfox-swagger-ui/fonts/open-sans-v15-latin-700.woff2", parameters={}
2020-01-07 11:18:53.810 DEBUG 11028 --- [http-nio-8080-exec-10] o.s.w.s.handler.SimpleUrlHandlerMapping  : Mapped to ResourceHttpRequestHandler ["classpath:/META-INF/resources/webjars/"]
2020-01-07 11:18:53.811 DEBUG 11028 --- [http-nio-8080-exec-2] o.s.web.servlet.DispatcherServlet        : GET "/webjars/springfox-swagger-ui/fonts/source-code-pro-v7-latin-300.woff2", parameters={}
2020-01-07 11:18:53.812 DEBUG 11028 --- [http-nio-8080-exec-2] o.s.w.s.handler.SimpleUrlHandlerMapping  : Mapped to ResourceHttpRequestHandler ["classpath:/META-INF/resources/webjars/"]
2020-01-07 11:18:53.814 DEBUG 11028 --- [http-nio-8080-exec-10] o.s.web.servlet.DispatcherServlet        : Completed 200 OK
2020-01-07 11:18:53.817 DEBUG 11028 --- [http-nio-8080-exec-2] o.s.web.servlet.DispatcherServlet        : Completed 200 OK
2020-01-07 11:18:53.824 DEBUG 11028 --- [http-nio-8080-exec-9] o.s.web.servlet.DispatcherServlet        : GET "/csrf", parameters={}
2020-01-07 11:18:53.825 DEBUG 11028 --- [http-nio-8080-exec-9] o.s.w.s.handler.SimpleUrlHandlerMapping  : Mapped to ResourceHttpRequestHandler ["classpath:/META-INF/resources/", "classpath:/resources/", "classpath:/static/", "classpath:/public/", "/"]
2020-01-07 11:18:53.828 DEBUG 11028 --- [http-nio-8080-exec-9] o.s.w.s.r.ResourceHttpRequestHandler     : Resource not found
2020-01-07 11:18:53.828 DEBUG 11028 --- [http-nio-8080-exec-9] o.s.web.servlet.DispatcherServlet        : Completed 404 NOT_FOUND
2020-01-07 11:18:53.836 DEBUG 11028 --- [http-nio-8080-exec-9] o.s.web.servlet.DispatcherServlet        : "ERROR" dispatch for GET "/error", parameters={}
2020-01-07 11:18:53.839 DEBUG 11028 --- [http-nio-8080-exec-9] s.w.s.m.m.a.RequestMappingHandlerMapping : Mapped to org.springframework.boot.autoconfigure.web.servlet.error.BasicErrorController#error(HttpServletRequest)
2020-01-07 11:18:53.842 DEBUG 11028 --- [http-nio-8080-exec-9] o.s.w.s.m.m.a.HttpEntityMethodProcessor  : Using 'application/json', given [*/*] and supported [application/json, application/*+json, application/json, application/*+json]
2020-01-07 11:18:53.842 DEBUG 11028 --- [http-nio-8080-exec-9] o.s.w.s.m.m.a.HttpEntityMethodProcessor  : Writing [{timestamp=Tue Jan 07 11:18:53 IST 2020, status=404, error=Not Found, message=No message available,  (truncated)...]
2020-01-07 11:18:53.849 DEBUG 11028 --- [http-nio-8080-exec-9] o.s.web.servlet.DispatcherServlet        : Exiting from "ERROR" dispatch, status 404
2020-01-07 11:18:55.438 DEBUG 11028 --- [http-nio-8080-exec-1] o.s.web.servlet.DispatcherServlet        : GET "/webjars/springfox-swagger-ui/fonts/source-code-pro-v7-latin-600.woff2", parameters={}
2020-01-07 11:18:55.440 DEBUG 11028 --- [http-nio-8080-exec-1] o.s.w.s.handler.SimpleUrlHandlerMapping  : Mapped to ResourceHttpRequestHandler ["classpath:/META-INF/resources/webjars/"]
2020-01-07 11:18:55.446 DEBUG 11028 --- [http-nio-8080-exec-1] o.s.web.servlet.DispatcherServlet        : Completed 200 OK
2020-01-07 11:18:59.909 DEBUG 11028 --- [http-nio-8080-exec-4] o.s.web.servlet.DispatcherServlet        : GET "/webjars/springfox-swagger-ui/fonts/titillium-web-v6-latin-regular.woff2", parameters={}
2020-01-07 11:18:59.910 DEBUG 11028 --- [http-nio-8080-exec-4] o.s.w.s.handler.SimpleUrlHandlerMapping  : Mapped to ResourceHttpRequestHandler ["classpath:/META-INF/resources/webjars/"]
2020-01-07 11:18:59.915 DEBUG 11028 --- [http-nio-8080-exec-4] o.s.web.servlet.DispatcherServlet        : Completed 200 OK
2020-01-07 11:19:28.368 DEBUG 11028 --- [http-nio-8080-exec-6] o.s.web.servlet.DispatcherServlet        : POST "/new", parameters={}
2020-01-07 11:19:28.369 DEBUG 11028 --- [http-nio-8080-exec-6] s.w.s.m.m.a.RequestMappingHandlerMapping : Mapped to com.firstdemo.first_demo.Controller.BlogRestController#newBlogForm(Post, Category)
2020-01-07 11:19:28.417 DEBUG 11028 --- [http-nio-8080-exec-6] .w.s.m.m.a.ServletInvocableHandlerMethod : Could not resolve parameter [0] in public org.springframework.http.ResponseEntity<java.util.List<com.firstdemo.first_demo.Model.Post>> com.firstdemo.first_demo.Controller.BlogRestController.newBlogForm(com.firstdemo.first_demo.Model.Post,com.firstdemo.first_demo.Model.Category): JSON parse error: Cannot deserialize instance of `java.sql.Timestamp` out of START_OBJECT token; nested exception is com.fasterxml.jackson.databind.exc.MismatchedInputException: Cannot deserialize instance of `java.sql.Timestamp` out of START_OBJECT token
 at [Source: (PushbackInputStream); line: 3, column: 16] (through reference chain: com.firstdemo.first_demo.Model.Post["createdAt"])
2020-01-07 11:19:28.422  WARN 11028 --- [http-nio-8080-exec-6] .w.s.m.s.DefaultHandlerExceptionResolver : Resolved [org.springframework.http.converter.HttpMessageNotReadableException: JSON parse error: Cannot deserialize instance of `java.sql.Timestamp` out of START_OBJECT token; nested exception is com.fasterxml.jackson.databind.exc.MismatchedInputException: Cannot deserialize instance of `java.sql.Timestamp` out of START_OBJECT token
 at [Source: (PushbackInputStream); line: 3, column: 16] (through reference chain: com.firstdemo.first_demo.Model.Post["createdAt"])]
2020-01-07 11:19:28.423 DEBUG 11028 --- [http-nio-8080-exec-6] o.s.web.servlet.DispatcherServlet        : Completed 400 BAD_REQUEST
2020-01-07 11:19:28.423 DEBUG 11028 --- [http-nio-8080-exec-6] o.s.web.servlet.DispatcherServlet        : "ERROR" dispatch for POST "/error", parameters={}
2020-01-07 11:19:28.424 DEBUG 11028 --- [http-nio-8080-exec-6] s.w.s.m.m.a.RequestMappingHandlerMapping : Mapped to org.springframework.boot.autoconfigure.web.servlet.error.BasicErrorController#error(HttpServletRequest)
2020-01-07 11:19:28.428 DEBUG 11028 --- [http-nio-8080-exec-6] o.s.w.s.m.m.a.HttpEntityMethodProcessor  : Using 'application/json', given [*/*] and supported [application/json, application/*+json, application/json, application/*+json]
2020-01-07 11:19:28.430 DEBUG 11028 --- [http-nio-8080-exec-6] o.s.w.s.m.m.a.HttpEntityMethodProcessor  : Writing [{timestamp=Tue Jan 07 11:19:28 IST 2020, status=400, error=Bad Request, message=JSON parse error: Ca (truncated)...]
2020-01-07 11:19:28.432 DEBUG 11028 --- [http-nio-8080-exec-6] o.s.web.servlet.DispatcherServlet        : Exiting from "ERROR" dispatch, status 400
2020-01-07 11:19:28.539 DEBUG 11028 --- [http-nio-8080-exec-7] o.s.web.servlet.DispatcherServlet        : GET "/webjars/springfox-swagger-ui/fonts/titillium-web-v6-latin-600.woff2", parameters={}
2020-01-07 11:19:28.540 DEBUG 11028 --- [http-nio-8080-exec-7] o.s.w.s.handler.SimpleUrlHandlerMapping  : Mapped to ResourceHttpRequestHandler ["classpath:/META-INF/resources/webjars/"]
2020-01-07 11:19:28.546 DEBUG 11028 --- [http-nio-8080-exec-7] o.s.web.servlet.DispatcherServlet        : Completed 200 OK
2020-01-07 11:27:27.190 DEBUG 2976 --- [restartedMain] o.s.web.context.ContextLoader            : Published root WebApplicationContext as ServletContext attribute with name [org.springframework.web.context.WebApplicationContext.ROOT]
2020-01-07 11:27:27.193  INFO 2976 --- [restartedMain] o.s.web.context.ContextLoader            : Root WebApplicationContext: initialization completed in 2960 ms
2020-01-07 11:27:31.358  WARN 2976 --- [restartedMain] JpaBaseConfiguration$JpaWebConfiguration : spring.jpa.open-in-view is enabled by default. Therefore, database queries may be performed during view rendering. Explicitly configure spring.jpa.open-in-view to disable this warning
2020-01-07 11:27:31.433 DEBUG 2976 --- [restartedMain] s.w.s.m.m.a.RequestMappingHandlerMapping : 11 mappings in 'requestMappingHandlerMapping'
2020-01-07 11:27:31.730 DEBUG 2976 --- [restartedMain] s.w.s.m.m.a.RequestMappingHandlerAdapter : ControllerAdvice beans: 0 @ModelAttribute, 0 @InitBinder, 1 RequestBodyAdvice, 1 ResponseBodyAdvice
2020-01-07 11:27:31.787 DEBUG 2976 --- [restartedMain] o.s.w.s.handler.SimpleUrlHandlerMapping  : Patterns [/webjars/**, /**] in 'resourceHandlerMapping'
2020-01-07 11:27:31.796 DEBUG 2976 --- [restartedMain] .m.m.a.ExceptionHandlerExceptionResolver : ControllerAdvice beans: 0 @ExceptionHandler, 1 ResponseBodyAdvice
2020-01-07 11:27:47.265  INFO 2976 --- [http-nio-8080-exec-1] o.s.web.servlet.DispatcherServlet        : Initializing Servlet 'dispatcherServlet'
2020-01-07 11:27:47.266 DEBUG 2976 --- [http-nio-8080-exec-1] o.s.web.servlet.DispatcherServlet        : Detected StandardServletMultipartResolver
2020-01-07 11:27:47.277 DEBUG 2976 --- [http-nio-8080-exec-1] o.s.web.servlet.DispatcherServlet        : enableLoggingRequestDetails='false': request parameters and headers will be masked to prevent unsafe logging of potentially sensitive data
2020-01-07 11:27:47.278  INFO 2976 --- [http-nio-8080-exec-1] o.s.web.servlet.DispatcherServlet        : Completed initialization in 13 ms
2020-01-07 11:27:47.292 DEBUG 2976 --- [http-nio-8080-exec-1] o.s.web.servlet.DispatcherServlet        : GET "/swagger-ui.html", parameters={}
2020-01-07 11:27:47.304 DEBUG 2976 --- [http-nio-8080-exec-1] o.s.w.s.handler.SimpleUrlHandlerMapping  : Mapped to ResourceHttpRequestHandler ["classpath:/META-INF/resources/", "classpath:/resources/", "classpath:/static/", "classpath:/public/", "/"]
2020-01-07 11:27:47.342 DEBUG 2976 --- [http-nio-8080-exec-1] o.s.web.servlet.DispatcherServlet        : Completed 200 OK
2020-01-07 11:27:47.365 DEBUG 2976 --- [http-nio-8080-exec-2] o.s.web.servlet.DispatcherServlet        : GET "/webjars/springfox-swagger-ui/springfox.css?v=2.9.2", parameters={masked}
2020-01-07 11:27:47.366 DEBUG 2976 --- [http-nio-8080-exec-3] o.s.web.servlet.DispatcherServlet        : GET "/webjars/springfox-swagger-ui/swagger-ui.css?v=2.9.2", parameters={masked}
2020-01-07 11:27:47.368 DEBUG 2976 --- [http-nio-8080-exec-3] o.s.w.s.handler.SimpleUrlHandlerMapping  : Mapped to ResourceHttpRequestHandler ["classpath:/META-INF/resources/webjars/"]
2020-01-07 11:27:47.368 DEBUG 2976 --- [http-nio-8080-exec-2] o.s.w.s.handler.SimpleUrlHandlerMapping  : Mapped to ResourceHttpRequestHandler ["classpath:/META-INF/resources/webjars/"]
2020-01-07 11:27:47.374 DEBUG 2976 --- [http-nio-8080-exec-2] o.s.web.servlet.DispatcherServlet        : Completed 200 OK
2020-01-07 11:27:47.383 DEBUG 2976 --- [http-nio-8080-exec-3] o.s.web.servlet.DispatcherServlet        : Completed 200 OK
2020-01-07 11:27:47.389 DEBUG 2976 --- [http-nio-8080-exec-4] o.s.web.servlet.DispatcherServlet        : GET "/webjars/springfox-swagger-ui/swagger-ui-bundle.js?v=2.9.2", parameters={masked}
2020-01-07 11:27:47.390 DEBUG 2976 --- [http-nio-8080-exec-5] o.s.web.servlet.DispatcherServlet        : GET "/webjars/springfox-swagger-ui/swagger-ui-standalone-preset.js?v=2.9.2", parameters={masked}
2020-01-07 11:27:47.390 DEBUG 2976 --- [http-nio-8080-exec-4] o.s.w.s.handler.SimpleUrlHandlerMapping  : Mapped to ResourceHttpRequestHandler ["classpath:/META-INF/resources/webjars/"]
2020-01-07 11:27:47.391 DEBUG 2976 --- [http-nio-8080-exec-6] o.s.web.servlet.DispatcherServlet        : GET "/webjars/springfox-swagger-ui/springfox.js?v=2.9.2", parameters={masked}
2020-01-07 11:27:47.391 DEBUG 2976 --- [http-nio-8080-exec-5] o.s.w.s.handler.SimpleUrlHandlerMapping  : Mapped to ResourceHttpRequestHandler ["classpath:/META-INF/resources/webjars/"]
2020-01-07 11:27:47.392 DEBUG 2976 --- [http-nio-8080-exec-6] o.s.w.s.handler.SimpleUrlHandlerMapping  : Mapped to ResourceHttpRequestHandler ["classpath:/META-INF/resources/webjars/"]
2020-01-07 11:27:47.402 DEBUG 2976 --- [http-nio-8080-exec-6] o.s.web.servlet.DispatcherServlet        : Completed 200 OK
2020-01-07 11:27:47.415 DEBUG 2976 --- [http-nio-8080-exec-5] o.s.web.servlet.DispatcherServlet        : Completed 200 OK
2020-01-07 11:27:47.438 DEBUG 2976 --- [http-nio-8080-exec-4] o.s.web.servlet.DispatcherServlet        : Completed 200 OK
2020-01-07 11:27:47.942 DEBUG 2976 --- [http-nio-8080-exec-7] o.s.web.servlet.DispatcherServlet        : GET "/swagger-ui.html", parameters={}
2020-01-07 11:27:47.948 DEBUG 2976 --- [http-nio-8080-exec-7] o.s.w.s.handler.SimpleUrlHandlerMapping  : Mapped to ResourceHttpRequestHandler ["classpath:/META-INF/resources/", "classpath:/resources/", "classpath:/static/", "classpath:/public/", "/"]
2020-01-07 11:27:47.956 DEBUG 2976 --- [http-nio-8080-exec-7] o.s.web.servlet.DispatcherServlet        : Completed 200 OK
2020-01-07 11:27:48.023 DEBUG 2976 --- [http-nio-8080-exec-8] o.s.web.servlet.DispatcherServlet        : GET "/webjars/springfox-swagger-ui/springfox.css?v=2.9.2", parameters={masked}
2020-01-07 11:27:48.025 DEBUG 2976 --- [http-nio-8080-exec-8] o.s.w.s.handler.SimpleUrlHandlerMapping  : Mapped to ResourceHttpRequestHandler ["classpath:/META-INF/resources/webjars/"]
2020-01-07 11:27:48.030 DEBUG 2976 --- [http-nio-8080-exec-8] o.s.web.servlet.DispatcherServlet        : Completed 200 OK
2020-01-07 11:27:48.033 DEBUG 2976 --- [http-nio-8080-exec-9] o.s.web.servlet.DispatcherServlet        : GET "/webjars/springfox-swagger-ui/swagger-ui.css?v=2.9.2", parameters={masked}
2020-01-07 11:27:48.034 DEBUG 2976 --- [http-nio-8080-exec-9] o.s.w.s.handler.SimpleUrlHandlerMapping  : Mapped to ResourceHttpRequestHandler ["classpath:/META-INF/resources/webjars/"]
2020-01-07 11:27:48.037 DEBUG 2976 --- [http-nio-8080-exec-10] o.s.web.servlet.DispatcherServlet        : GET "/webjars/springfox-swagger-ui/swagger-ui-bundle.js?v=2.9.2", parameters={masked}
2020-01-07 11:27:48.039 DEBUG 2976 --- [http-nio-8080-exec-2] o.s.web.servlet.DispatcherServlet        : GET "/webjars/springfox-swagger-ui/springfox.js?v=2.9.2", parameters={masked}
2020-01-07 11:27:48.039 DEBUG 2976 --- [http-nio-8080-exec-2] o.s.w.s.handler.SimpleUrlHandlerMapping  : Mapped to ResourceHttpRequestHandler ["classpath:/META-INF/resources/webjars/"]
2020-01-07 11:27:48.044 DEBUG 2976 --- [http-nio-8080-exec-1] o.s.web.servlet.DispatcherServlet        : GET "/webjars/springfox-swagger-ui/swagger-ui-standalone-preset.js?v=2.9.2", parameters={masked}
2020-01-07 11:27:48.046 DEBUG 2976 --- [http-nio-8080-exec-1] o.s.w.s.handler.SimpleUrlHandlerMapping  : Mapped to ResourceHttpRequestHandler ["classpath:/META-INF/resources/webjars/"]
2020-01-07 11:27:48.046 DEBUG 2976 --- [http-nio-8080-exec-9] o.s.web.servlet.DispatcherServlet        : Completed 200 OK
2020-01-07 11:27:48.038 DEBUG 2976 --- [http-nio-8080-exec-10] o.s.w.s.handler.SimpleUrlHandlerMapping  : Mapped to ResourceHttpRequestHandler ["classpath:/META-INF/resources/webjars/"]
2020-01-07 11:27:48.052 DEBUG 2976 --- [http-nio-8080-exec-2] o.s.web.servlet.DispatcherServlet        : Completed 200 OK
2020-01-07 11:27:48.076 DEBUG 2976 --- [http-nio-8080-exec-1] o.s.web.servlet.DispatcherServlet        : Completed 200 OK
2020-01-07 11:27:48.098 DEBUG 2976 --- [http-nio-8080-exec-10] o.s.web.servlet.DispatcherServlet        : Completed 200 OK
2020-01-07 11:27:48.787 DEBUG 2976 --- [http-nio-8080-exec-3] o.s.web.servlet.DispatcherServlet        : GET "/swagger-resources/configuration/ui", parameters={}
2020-01-07 11:27:48.790 DEBUG 2976 --- [http-nio-8080-exec-3] s.w.s.m.m.a.RequestMappingHandlerMapping : Mapped to springfox.documentation.swagger.web.ApiResourceController#uiConfiguration()
2020-01-07 11:27:48.846 DEBUG 2976 --- [http-nio-8080-exec-3] o.s.w.s.m.m.a.HttpEntityMethodProcessor  : Using 'application/json', given [application/json] and supported [application/json, application/*+json, application/json, application/*+json]
2020-01-07 11:27:48.847 DEBUG 2976 --- [http-nio-8080-exec-3] o.s.w.s.m.m.a.HttpEntityMethodProcessor  : Writing [springfox.documentation.swagger.web.UiConfiguration@65d0cb8f]
2020-01-07 11:27:48.862 DEBUG 2976 --- [http-nio-8080-exec-3] o.s.web.servlet.DispatcherServlet        : Completed 200 OK
2020-01-07 11:27:48.868 DEBUG 2976 --- [http-nio-8080-exec-6] o.s.web.servlet.DispatcherServlet        : GET "/swagger-resources/configuration/security", parameters={}
2020-01-07 11:27:48.869 DEBUG 2976 --- [http-nio-8080-exec-6] s.w.s.m.m.a.RequestMappingHandlerMapping : Mapped to springfox.documentation.swagger.web.ApiResourceController#securityConfiguration()
2020-01-07 11:27:48.877 DEBUG 2976 --- [http-nio-8080-exec-6] o.s.w.s.m.m.a.HttpEntityMethodProcessor  : Using 'application/json', given [application/json] and supported [application/json, application/*+json, application/json, application/*+json]
2020-01-07 11:27:48.877 DEBUG 2976 --- [http-nio-8080-exec-6] o.s.w.s.m.m.a.HttpEntityMethodProcessor  : Writing [springfox.documentation.swagger.web.SecurityConfiguration@68d7449f]
2020-01-07 11:27:48.878 DEBUG 2976 --- [http-nio-8080-exec-6] o.s.web.servlet.DispatcherServlet        : Completed 200 OK
2020-01-07 11:27:48.884 DEBUG 2976 --- [http-nio-8080-exec-5] o.s.web.servlet.DispatcherServlet        : GET "/swagger-resources", parameters={}
2020-01-07 11:27:48.884 DEBUG 2976 --- [http-nio-8080-exec-5] s.w.s.m.m.a.RequestMappingHandlerMapping : Mapped to springfox.documentation.swagger.web.ApiResourceController#swaggerResources()
2020-01-07 11:27:48.888 DEBUG 2976 --- [http-nio-8080-exec-5] o.s.w.s.m.m.a.HttpEntityMethodProcessor  : Using 'application/json', given [application/json] and supported [application/json, application/*+json, application/json, application/*+json]
2020-01-07 11:27:48.888 DEBUG 2976 --- [http-nio-8080-exec-5] o.s.w.s.m.m.a.HttpEntityMethodProcessor  : Writing [[springfox.documentation.swagger.web.SwaggerResource@957ba63]]
2020-01-07 11:27:48.892 DEBUG 2976 --- [http-nio-8080-exec-5] o.s.web.servlet.DispatcherServlet        : Completed 200 OK
2020-01-07 11:27:48.943 DEBUG 2976 --- [http-nio-8080-exec-4] o.s.web.servlet.DispatcherServlet        : GET "/v2/api-docs", parameters={}
2020-01-07 11:27:48.947 DEBUG 2976 --- [http-nio-8080-exec-7] o.s.web.servlet.DispatcherServlet        : GET "/", parameters={}
2020-01-07 11:27:48.948 DEBUG 2976 --- [http-nio-8080-exec-7] s.w.s.m.m.a.RequestMappingHandlerMapping : Mapped to com.firstdemo.first_demo.Controller.BlogRestController#home(int, String)
2020-01-07 11:27:48.977 DEBUG 2976 --- [http-nio-8080-exec-8] o.s.web.servlet.DispatcherServlet        : GET "/webjars/springfox-swagger-ui/fonts/titillium-web-v6-latin-700.woff2", parameters={}
2020-01-07 11:27:48.981 DEBUG 2976 --- [http-nio-8080-exec-8] o.s.w.s.handler.SimpleUrlHandlerMapping  : Mapped to ResourceHttpRequestHandler ["classpath:/META-INF/resources/webjars/"]
2020-01-07 11:27:48.990 DEBUG 2976 --- [http-nio-8080-exec-8] o.s.web.servlet.DispatcherServlet        : Completed 200 OK
2020-01-07 11:27:49.047 DEBUG 2976 --- [http-nio-8080-exec-9] o.s.web.servlet.DispatcherServlet        : GET "/webjars/springfox-swagger-ui/fonts/open-sans-v15-latin-regular.woff2", parameters={}
2020-01-07 11:27:49.051 DEBUG 2976 --- [http-nio-8080-exec-9] o.s.w.s.handler.SimpleUrlHandlerMapping  : Mapped to ResourceHttpRequestHandler ["classpath:/META-INF/resources/webjars/"]
2020-01-07 11:27:49.055 DEBUG 2976 --- [http-nio-8080-exec-9] o.s.web.servlet.DispatcherServlet        : Completed 200 OK
2020-01-07 11:27:49.234 DEBUG 2976 --- [http-nio-8080-exec-7] o.s.w.s.m.m.a.HttpEntityMethodProcessor  : Using 'application/json', given [*/*] and supported [application/json, application/*+json, application/json, application/*+json]
2020-01-07 11:27:49.235 DEBUG 2976 --- [http-nio-8080-exec-7] o.s.w.s.m.m.a.HttpEntityMethodProcessor  : Writing [[com.firstdemo.first_demo.Model.Post@f205f98, com.firstdemo.first_demo.Model.Post@2ecf8270, com.firs (truncated)...]
2020-01-07 11:27:49.243 DEBUG 2976 --- [http-nio-8080-exec-4] o.s.w.s.m.m.a.HttpEntityMethodProcessor  : Using 'application/json', given [application/json, */*] and supported [application/json, application/*+json, application/json, application/*+json]
2020-01-07 11:27:49.244 DEBUG 2976 --- [http-nio-8080-exec-4] o.s.w.s.m.m.a.HttpEntityMethodProcessor  : Writing [springfox.documentation.spring.web.json.Json@2f5923df]
2020-01-07 11:27:49.245 DEBUG 2976 --- [http-nio-8080-exec-7] o.s.web.servlet.DispatcherServlet        : Completed 200 OK
2020-01-07 11:27:49.249 DEBUG 2976 --- [http-nio-8080-exec-4] o.s.web.servlet.DispatcherServlet        : Completed 200 OK
2020-01-07 11:27:49.284 DEBUG 2976 --- [http-nio-8080-exec-2] o.s.web.servlet.DispatcherServlet        : GET "/csrf", parameters={}
2020-01-07 11:27:49.285 DEBUG 2976 --- [http-nio-8080-exec-2] o.s.w.s.handler.SimpleUrlHandlerMapping  : Mapped to ResourceHttpRequestHandler ["classpath:/META-INF/resources/", "classpath:/resources/", "classpath:/static/", "classpath:/public/", "/"]
2020-01-07 11:27:49.289 DEBUG 2976 --- [http-nio-8080-exec-2] o.s.w.s.r.ResourceHttpRequestHandler     : Resource not found
2020-01-07 11:27:49.291 DEBUG 2976 --- [http-nio-8080-exec-2] o.s.web.servlet.DispatcherServlet        : Completed 404 NOT_FOUND
2020-01-07 11:27:49.305 DEBUG 2976 --- [http-nio-8080-exec-2] o.s.web.servlet.DispatcherServlet        : "ERROR" dispatch for GET "/error", parameters={}
2020-01-07 11:27:49.306 DEBUG 2976 --- [http-nio-8080-exec-2] s.w.s.m.m.a.RequestMappingHandlerMapping : Mapped to org.springframework.boot.autoconfigure.web.servlet.error.BasicErrorController#error(HttpServletRequest)
2020-01-07 11:27:49.310 DEBUG 2976 --- [http-nio-8080-exec-2] o.s.w.s.m.m.a.HttpEntityMethodProcessor  : Using 'application/json', given [*/*] and supported [application/json, application/*+json, application/json, application/*+json]
2020-01-07 11:27:49.310 DEBUG 2976 --- [http-nio-8080-exec-2] o.s.w.s.m.m.a.HttpEntityMethodProcessor  : Writing [{timestamp=Tue Jan 07 11:27:49 IST 2020, status=404, error=Not Found, message=No message available,  (truncated)...]
2020-01-07 11:27:49.317 DEBUG 2976 --- [http-nio-8080-exec-2] o.s.web.servlet.DispatcherServlet        : Exiting from "ERROR" dispatch, status 404
2020-01-07 11:27:49.417 DEBUG 2976 --- [http-nio-8080-exec-1] o.s.web.servlet.DispatcherServlet        : GET "/webjars/springfox-swagger-ui/fonts/open-sans-v15-latin-700.woff2", parameters={}
2020-01-07 11:27:49.417 DEBUG 2976 --- [http-nio-8080-exec-1] o.s.w.s.handler.SimpleUrlHandlerMapping  : Mapped to ResourceHttpRequestHandler ["classpath:/META-INF/resources/webjars/"]
2020-01-07 11:27:49.423 DEBUG 2976 --- [http-nio-8080-exec-10] o.s.web.servlet.DispatcherServlet        : GET "/webjars/springfox-swagger-ui/fonts/source-code-pro-v7-latin-300.woff2", parameters={}
2020-01-07 11:27:49.426 DEBUG 2976 --- [http-nio-8080-exec-1] o.s.web.servlet.DispatcherServlet        : Completed 200 OK
2020-01-07 11:27:49.428 DEBUG 2976 --- [http-nio-8080-exec-10] o.s.w.s.handler.SimpleUrlHandlerMapping  : Mapped to ResourceHttpRequestHandler ["classpath:/META-INF/resources/webjars/"]
2020-01-07 11:27:49.433 DEBUG 2976 --- [http-nio-8080-exec-10] o.s.web.servlet.DispatcherServlet        : Completed 200 OK
2020-01-07 11:27:51.494 DEBUG 2976 --- [http-nio-8080-exec-3] o.s.web.servlet.DispatcherServlet        : GET "/webjars/springfox-swagger-ui/fonts/source-code-pro-v7-latin-600.woff2", parameters={}
2020-01-07 11:27:51.495 DEBUG 2976 --- [http-nio-8080-exec-3] o.s.w.s.handler.SimpleUrlHandlerMapping  : Mapped to ResourceHttpRequestHandler ["classpath:/META-INF/resources/webjars/"]
2020-01-07 11:27:51.499 DEBUG 2976 --- [http-nio-8080-exec-3] o.s.web.servlet.DispatcherServlet        : Completed 200 OK
2020-01-07 11:27:53.851 DEBUG 2976 --- [http-nio-8080-exec-6] o.s.web.servlet.DispatcherServlet        : GET "/webjars/springfox-swagger-ui/fonts/titillium-web-v6-latin-regular.woff2", parameters={}
2020-01-07 11:27:53.853 DEBUG 2976 --- [http-nio-8080-exec-6] o.s.w.s.handler.SimpleUrlHandlerMapping  : Mapped to ResourceHttpRequestHandler ["classpath:/META-INF/resources/webjars/"]
2020-01-07 11:27:53.857 DEBUG 2976 --- [http-nio-8080-exec-6] o.s.web.servlet.DispatcherServlet        : Completed 200 OK
